000 MJSlog START 0 0 0 1 2022/08/27 10:32:20
011 さくら麻雀v011 4COM戦 8888 東風戦赤有 2022/08/27 10:32:20
012 27000 1 プレーヤー01 R1500 2 プレーヤー02 R1500 3 プレーヤー03 R1500 4 プレーヤー04 R1500
111 1 4 7 11 14 31 31 32 32 33 33 34 34
112 21 21 21 22 23 24 25 26 27 28 29 29 29
113 21 21 21 22 23 24 25 26 27 28 29 29 29
114 1 4 7 11 14 19 19 35 35 36 36 37 37
201 0 配牌　　 4 4 0
201 1 自摸　　 0 4 17
201 2 捨牌　　 0 4 14
201 3 自摸　　 1 4 31
201 4 リーチ　 1 4 0
201 5 自摸切り 1 4 31
201 6 ポン　　 0 1 31
201 7 捨牌　　 0 4 4
201 8 自摸　　 1 4 32
201 9 自摸切り 1 4 32
201 10 ポン　　 0 1 32
201 11 捨牌　　 0 4 11
201 12 自摸　　 1 4 33
201 13 自摸切り 1 4 33
201 14 ポン　　 0 1 33
201 15 捨牌　　 0 4 1
201 16 自摸　　 1 4 34
201 17 自摸切り 1 4 34
201 18 ポン　　 0 1 34
201 19 捨牌　　 0 4 17
201 20 自摸　　 1 4 7
201 21 自摸切り 1 4 7
999 MJSlog END 0 0 0 1 2022/08/27 10:32:20

000 MJSlog START 0 0 0 1 2022/08/27 10:35:02
011 さくら麻雀v011 4COM戦 8888 東風戦赤有 2022/08/27 10:35:02
012 27000 1 プレーヤー01 R1500 2 プレーヤー02 R1500 3 プレーヤー03 R1500 4 プレーヤー04 R1500
111 1 4 7 11 14 31 31 32 32 33 33 34 34
112 21 21 21 22 23 24 25 26 27 28 29 29 29
113 21 21 21 22 23 24 25 26 27 28 29 29 29
114 1 4 7 11 14 19 19 35 35 36 36 37 37
201 0 配牌　　 4 4 0
201 1 自摸　　 0 4 17
201 2 捨牌　　 0 4 14
201 3 自摸　　 1 4 31
201 4 リーチ　 1 4 0
201 5 自摸切り 1 4 31
201 6 ポン　　 0 1 31
201 7 捨牌　　 0 4 4
201 8 自摸　　 1 4 32
201 9 自摸切り 1 4 32
201 10 ポン　　 0 1 32
201 11 捨牌　　 0 4 11
201 12 自摸　　 1 4 33
201 13 自摸切り 1 4 33
201 14 ポン　　 0 1 33
201 15 捨牌　　 0 4 1
201 16 自摸　　 1 4 34
201 17 自摸切り 1 4 34
201 18 ポン　　 0 1 34
201 19 捨牌　　 0 4 17
201 20 自摸　　 1 4 7
201 21 自摸切り 1 4 7
201 22 ロン和了 0 1 7
999 MJSlog END 0 0 0 1 2022/08/27 10:35:02

